<?xml version="1.0" encoding="UTF-8"?>
<!-- Generated by org.testng.reporters.JUnitXMLReporter -->
<testsuite ignored="1" hostname="X-WW564C72L7" failures="0" tests="10" name="/Users/ssha/Documents/Learn/maven/my-project" time="0.094" errors="0" timestamp="2026-02-07T21:50:03 IST">
  <testcase classname="com.demo.AppTest1" name="test1" time="0.003"/>
  <testcase classname="com.demo.AppTest1" name="test1" time="0.0"/>
  <testcase classname="com.demo.AppTest1" name="test1" time="0.0"/>
  <testcase classname="com.demo.AppTest1" name="test1" time="0.0"/>
  <testcase classname="com.demo.AppTest1" name="test1" time="0.001"/>
  <testcase classname="com.demo.AppTest1" name="test2" time="0.002"/>
  <testcase classname="com.demo.AppTest2" name="test3" time="0.001"/>
  <testcase classname="com.demo.AppTest2" name="test4" time="0.001"/>
  <testcase classname="test2.AppTest3" name="test5" time="0.001"/>
  <testcase classname="test2.AppTest3" name="test6" time="0.001"/>
  <testcase classname="com.demo.AppTest2" name="test5" time="0.0">
    <ignored/>
  </testcase> <!-- test5 -->
</testsuite> <!-- /Users/ssha/Documents/Learn/maven/my-project -->
