<?xml version="1.0" encoding="UTF-8"?>
<testng-results ignored="0" total="7" passed="7" failed="0" skipped="0">
  <reporter-output>
  </reporter-output>
  <suite started-at="2026-02-16T08:56:38 IST" name="All Test Suite" finished-at="2026-02-16T08:56:45 IST" duration-ms="7650">
    <groups>
      <group name="feature1">
        <method signature="AppTest1.test1(int,int,int)[pri:0, instance:com.demo.AppTest1@3febb011]" name="test1" class="com.demo.AppTest1"/>
      </group> <!-- feature1 -->
    </groups>
    <test started-at="2026-02-16T08:56:38 IST" name="/Users/ssha/Documents/Learn/maven/my-project" finished-at="2026-02-16T08:56:45 IST" duration-ms="7650">
      <class name="com.demo.AmazonUniqueImagesTest">
        <test-method signature="main()[pri:0, instance:com.demo.AmazonUniqueImages@dd8ba08]" started-at="2026-02-16T08:56:38 IST" name="main" finished-at="2026-02-16T08:56:45 IST" duration-ms="7620" status="PASS">
          <reporter-output>
          </reporter-output>
        </test-method> <!-- main -->
      </class> <!-- com.demo.AmazonUniqueImagesTest -->
      <class name="com.demo.AppTest1">
        <test-method signature="test1(int,int,int)[pri:0, instance:com.demo.AppTest1@3febb011]" started-at="2026-02-16T08:56:45 IST" name="test1" data-provider="dataProviderMethod" finished-at="2026-02-16T08:56:45 IST" duration-ms="1" status="PASS">
          <params>
            <param index="0">
              <value>
                <![CDATA[1]]>
              </value>
            </param>
            <param index="1">
              <value>
                <![CDATA[2]]>
              </value>
            </param>
            <param index="2">
              <value>
                <![CDATA[3]]>
              </value>
            </param>
          </params>
          <reporter-output>
          </reporter-output>
        </test-method> <!-- test1 -->
        <test-method signature="test1(int,int,int)[pri:0, instance:com.demo.AppTest1@3febb011]" started-at="2026-02-16T08:56:45 IST" name="test1" data-provider="dataProviderMethod" finished-at="2026-02-16T08:56:45 IST" duration-ms="0" status="PASS">
          <params>
            <param index="0">
              <value>
                <![CDATA[4]]>
              </value>
            </param>
            <param index="1">
              <value>
                <![CDATA[5]]>
              </value>
            </param>
            <param index="2">
              <value>
                <![CDATA[9]]>
              </value>
            </param>
          </params>
          <reporter-output>
          </reporter-output>
        </test-method> <!-- test1 -->
        <test-method signature="test1(int,int,int)[pri:0, instance:com.demo.AppTest1@3febb011]" started-at="2026-02-16T08:56:45 IST" name="test1" data-provider="dataProviderMethod" finished-at="2026-02-16T08:56:45 IST" duration-ms="0" status="PASS">
          <params>
            <param index="0">
              <value>
                <![CDATA[2]]>
              </value>
            </param>
            <param index="1">
              <value>
                <![CDATA[5]]>
              </value>
            </param>
            <param index="2">
              <value>
                <![CDATA[7]]>
              </value>
            </param>
          </params>
          <reporter-output>
          </reporter-output>
        </test-method> <!-- test1 -->
        <test-method signature="test1(int,int,int)[pri:0, instance:com.demo.AppTest1@3febb011]" started-at="2026-02-16T08:56:45 IST" name="test1" data-provider="dataProviderMethod" finished-at="2026-02-16T08:56:45 IST" duration-ms="0" status="PASS">
          <params>
            <param index="0">
              <value>
                <![CDATA[5]]>
              </value>
            </param>
            <param index="1">
              <value>
                <![CDATA[6]]>
              </value>
            </param>
            <param index="2">
              <value>
                <![CDATA[11]]>
              </value>
            </param>
          </params>
          <reporter-output>
          </reporter-output>
        </test-method> <!-- test1 -->
        <test-method signature="test1(int,int,int)[pri:0, instance:com.demo.AppTest1@3febb011]" started-at="2026-02-16T08:56:45 IST" name="test1" data-provider="dataProviderMethod" finished-at="2026-02-16T08:56:45 IST" duration-ms="0" status="PASS">
          <params>
            <param index="0">
              <value>
                <![CDATA[9]]>
              </value>
            </param>
            <param index="1">
              <value>
                <![CDATA[0]]>
              </value>
            </param>
            <param index="2">
              <value>
                <![CDATA[9]]>
              </value>
            </param>
          </params>
          <reporter-output>
          </reporter-output>
        </test-method> <!-- test1 -->
        <test-method signature="test2()[pri:0, instance:com.demo.AppTest1@3febb011]" started-at="2026-02-16T08:56:45 IST" name="test2" finished-at="2026-02-16T08:56:45 IST" duration-ms="1" status="PASS">
          <reporter-output>
          </reporter-output>
        </test-method> <!-- test2 -->
      </class> <!-- com.demo.AppTest1 -->
    </test> <!-- /Users/ssha/Documents/Learn/maven/my-project -->
  </suite> <!-- All Test Suite -->
</testng-results>
