<?xml version="1.0" encoding="UTF-8"?>
<!-- Generated by org.testng.reporters.JUnitXMLReporter -->
<testsuite ignored="0" hostname="X-WW564C72L7" failures="0" tests="7" name="/Users/ssha/Documents/Learn/maven/my-project" time="7.65" errors="0" timestamp="2026-02-16T08:56:46 IST">
  <testcase classname="com.demo.AmazonUniqueImagesTest" name="main" time="7.62"/>
  <testcase classname="com.demo.AppTest1" name="test1" time="0.001"/>
  <testcase classname="com.demo.AppTest1" name="test1" time="0.0"/>
  <testcase classname="com.demo.AppTest1" name="test1" time="0.0"/>
  <testcase classname="com.demo.AppTest1" name="test1" time="0.0"/>
  <testcase classname="com.demo.AppTest1" name="test1" time="0.0"/>
  <testcase classname="com.demo.AppTest1" name="test2" time="0.001"/>
</testsuite> <!-- /Users/ssha/Documents/Learn/maven/my-project -->
