<?xml version="1.0" encoding="UTF-8"?>
<!-- Generated by org.testng.reporters.JUnitXMLReporter -->
<testsuite ignored="0" hostname="X-WW564C72L7" failures="0" tests="7" name="/Users/ssha/Documents/Learn/maven/my-project" time="8.458" errors="0" timestamp="2026-02-15T18:26:48 IST">
  <testcase classname="com.demo.AmazonUniqueImages" name="main" time="8.427"/>
  <testcase classname="com.demo.AppTest1" name="test1" time="0.001"/>
  <testcase classname="com.demo.AppTest1" name="test1" time="0.0"/>
  <testcase classname="com.demo.AppTest1" name="test1" time="0.0"/>
  <testcase classname="com.demo.AppTest1" name="test1" time="0.0"/>
  <testcase classname="com.demo.AppTest1" name="test1" time="0.0"/>
  <testcase classname="com.demo.AppTest1" name="test2" time="0.0"/>
</testsuite> <!-- /Users/ssha/Documents/Learn/maven/my-project -->
