<?xml version="1.0" encoding="UTF-8"?>
<!-- Generated by org.testng.reporters.JUnitReportReporter -->
<testsuite hostname="X-WW564C72L7" failures="0" tests="6" name="com.demo.AppTest1" time="0.001" errors="0" timestamp="2026-02-15T18:26:48 IST" skipped="0">
  <testcase classname="com.demo.AppTest1" name="test1" time="0.000"/>
  <testcase classname="com.demo.AppTest1" name="test2" time="0.000"/>
  <testcase classname="com.demo.AppTest1" name="test1" time="0.000"/>
  <testcase classname="com.demo.AppTest1" name="test1" time="0.001"/>
  <testcase classname="com.demo.AppTest1" name="test1" time="0.000"/>
  <testcase classname="com.demo.AppTest1" name="test1" time="0.000"/>
</testsuite> <!-- com.demo.AppTest1 -->
