<?xml version="1.0" encoding="UTF-8"?>
<testsuite xmlns:xsi="http://www.w3.org/2001/XMLSchema-instance" xsi:noNamespaceSchemaLocation="https://maven.apache.org/surefire/maven-surefire-plugin/xsd/surefire-test-report-3.0.xsd" version="3.0" name="TestSuite" time="0.981" tests="10" errors="0" skipped="0" failures="0">
  <properties>
[...]
</properties>
  <testcase name="test1[1, 2, 3](1)" classname="com.demo.AppTest1" time="0.004">
    <system-out><![CDATA[executing test1
]]></system-out>
    <system-err><![CDATA[SLF4J(W): No SLF4J providers were found.
SLF4J(W): Defaulting to no-operation (NOP) logger implementation
SLF4J(W): See https://www.slf4j.org/codes.html#noProviders for further details.
]]></system-err>
  </testcase>
  <testcase name="test1[4, 5, 9](2)" classname="com.demo.AppTest1" time="0.002">
    <system-out><![CDATA[executing test1
]]></system-out>
  </testcase>
  <testcase name="test1[9, 0, 9](3)" classname="com.demo.AppTest1" time="0.002">
    <system-out><![CDATA[executing test1
]]></system-out>
  </testcase>
  <testcase name="test1[2, 5, 7](4)" classname="com.demo.AppTest1" time="0.001">
    <system-out><![CDATA[executing test1
]]></system-out>
  </testcase>
  <testcase name="test1[5, 6, 11](5)" classname="com.demo.AppTest1" time="0.004">
    <system-out><![CDATA[executing test1
]]></system-out>
  </testcase>
  <testcase name="test2" classname="com.demo.AppTest1" time="0.004">
    <system-out><![CDATA[executing test2
]]></system-out>
  </testcase>
  <testcase name="test3" classname="com.demo.AppTest2" time="0.001">
    <system-out><![CDATA[executing test3
]]></system-out>
  </testcase>
  <testcase name="test4" classname="com.demo.AppTest2" time="0.001">
    <system-out><![CDATA[executing test4
]]></system-out>
  </testcase>
  <testcase name="test5" classname="test2.AppTest3" time="0.001">
    <system-out><![CDATA[executing test5
]]></system-out>
  </testcase>
  <testcase name="test6" classname="test2.AppTest3" time="0.001">
    <system-out><![CDATA[executing test6
]]></system-out>
  </testcase>
</testsuite>