<?xml version="1.0" encoding="UTF-8"?>
<testng-results ignored="1" total="11" passed="10" failed="0" skipped="0">
  <reporter-output>
  </reporter-output>
  <suite started-at="2026-02-07T21:50:03 IST" name="All Test Suite" finished-at="2026-02-07T21:50:03 IST" duration-ms="94">
    <groups>
      <group name="feature1">
        <method signature="AppTest1.test1(int,int,int)[pri:0, instance:com.demo.AppTest1@11dc3715]" name="test1" class="com.demo.AppTest1"/>
      </group> <!-- feature1 -->
    </groups>
    <test started-at="2026-02-07T21:50:03 IST" name="/Users/ssha/Documents/Learn/maven/my-project" finished-at="2026-02-07T21:50:03 IST" duration-ms="94">
      <class name="test2.AppTest3">
        <test-method signature="test5()[pri:0, instance:test2.AppTest3@4f638935]" started-at="2026-02-07T21:50:03 IST" name="test5" finished-at="2026-02-07T21:50:03 IST" duration-ms="1" status="PASS">
          <reporter-output>
          </reporter-output>
        </test-method> <!-- test5 -->
        <test-method signature="test6()[pri:0, instance:test2.AppTest3@4f638935]" started-at="2026-02-07T21:50:03 IST" name="test6" finished-at="2026-02-07T21:50:03 IST" duration-ms="1" status="PASS">
          <reporter-output>
          </reporter-output>
        </test-method> <!-- test6 -->
      </class> <!-- test2.AppTest3 -->
      <class name="com.demo.AppTest2">
        <test-method signature="test3()[pri:0, instance:com.demo.AppTest2@1460a8c0]" started-at="2026-02-07T21:50:03 IST" name="test3" finished-at="2026-02-07T21:50:03 IST" duration-ms="1" status="PASS">
          <reporter-output>
          </reporter-output>
        </test-method> <!-- test3 -->
        <test-method signature="test4()[pri:0, instance:com.demo.AppTest2@1460a8c0]" started-at="2026-02-07T21:50:03 IST" name="test4" finished-at="2026-02-07T21:50:03 IST" duration-ms="1" status="PASS">
          <reporter-output>
          </reporter-output>
        </test-method> <!-- test4 -->
      </class> <!-- com.demo.AppTest2 -->
      <class name="com.demo.AppTest1">
        <test-method signature="test1(int,int,int)[pri:0, instance:com.demo.AppTest1@11dc3715]" started-at="2026-02-07T21:50:03 IST" name="test1" data-provider="dataProviderMethod" finished-at="2026-02-07T21:50:03 IST" duration-ms="3" status="PASS">
          <params>
            <param index="0">
              <value>
                <![CDATA[1]]>
              </value>
            </param>
            <param index="1">
              <value>
                <![CDATA[2]]>
              </value>
            </param>
            <param index="2">
              <value>
                <![CDATA[3]]>
              </value>
            </param>
          </params>
          <reporter-output>
          </reporter-output>
        </test-method> <!-- test1 -->
        <test-method signature="test1(int,int,int)[pri:0, instance:com.demo.AppTest1@11dc3715]" started-at="2026-02-07T21:50:03 IST" name="test1" data-provider="dataProviderMethod" finished-at="2026-02-07T21:50:03 IST" duration-ms="0" status="PASS">
          <params>
            <param index="0">
              <value>
                <![CDATA[4]]>
              </value>
            </param>
            <param index="1">
              <value>
                <![CDATA[5]]>
              </value>
            </param>
            <param index="2">
              <value>
                <![CDATA[9]]>
              </value>
            </param>
          </params>
          <reporter-output>
          </reporter-output>
        </test-method> <!-- test1 -->
        <test-method signature="test1(int,int,int)[pri:0, instance:com.demo.AppTest1@11dc3715]" started-at="2026-02-07T21:50:03 IST" name="test1" data-provider="dataProviderMethod" finished-at="2026-02-07T21:50:03 IST" duration-ms="0" status="PASS">
          <params>
            <param index="0">
              <value>
                <![CDATA[9]]>
              </value>
            </param>
            <param index="1">
              <value>
                <![CDATA[0]]>
              </value>
            </param>
            <param index="2">
              <value>
                <![CDATA[9]]>
              </value>
            </param>
          </params>
          <reporter-output>
          </reporter-output>
        </test-method> <!-- test1 -->
        <test-method signature="test1(int,int,int)[pri:0, instance:com.demo.AppTest1@11dc3715]" started-at="2026-02-07T21:50:03 IST" name="test1" data-provider="dataProviderMethod" finished-at="2026-02-07T21:50:03 IST" duration-ms="1" status="PASS">
          <params>
            <param index="0">
              <value>
                <![CDATA[5]]>
              </value>
            </param>
            <param index="1">
              <value>
                <![CDATA[6]]>
              </value>
            </param>
            <param index="2">
              <value>
                <![CDATA[11]]>
              </value>
            </param>
          </params>
          <reporter-output>
          </reporter-output>
        </test-method> <!-- test1 -->
        <test-method signature="test1(int,int,int)[pri:0, instance:com.demo.AppTest1@11dc3715]" started-at="2026-02-07T21:50:03 IST" name="test1" data-provider="dataProviderMethod" finished-at="2026-02-07T21:50:03 IST" duration-ms="0" status="PASS">
          <params>
            <param index="0">
              <value>
                <![CDATA[2]]>
              </value>
            </param>
            <param index="1">
              <value>
                <![CDATA[5]]>
              </value>
            </param>
            <param index="2">
              <value>
                <![CDATA[7]]>
              </value>
            </param>
          </params>
          <reporter-output>
          </reporter-output>
        </test-method> <!-- test1 -->
        <test-method signature="test2()[pri:0, instance:com.demo.AppTest1@11dc3715]" started-at="2026-02-07T21:50:03 IST" name="test2" finished-at="2026-02-07T21:50:03 IST" duration-ms="2" status="PASS">
          <reporter-output>
          </reporter-output>
        </test-method> <!-- test2 -->
      </class> <!-- com.demo.AppTest1 -->
    </test> <!-- /Users/ssha/Documents/Learn/maven/my-project -->
  </suite> <!-- All Test Suite -->
</testng-results>
